Base path: '/Applications/Unity/Hub/Editor/2019.2.11f1/Unity.app/Contents', plugins path '/Applications/Unity/Hub/Editor/2019.2.11f1/Unity.app/Contents/PlaybackEngines'
Cmd: initializeCompiler
Cmd: compileSnippet
  api=14 type=1 insize=2295 outsize=1266 kw=UNITY_UI_ALPHACLIP pd=UNITY_ENABLE_REFLECTION_BUFFERS UNITY_USE_DITHER_MASK_FOR_ALPHABLENDED_SHADOWS UNITY_PBS_USE_BRDF1 UNITY_SPECCUBE_BOX_PROJECTION UNITY_SPECCUBE_BLENDING UNITY_ENABLE_DETAIL_NORMALMAP SHADER_API_DESKTOP UNITY_COLORSPACE_GAMMA UNITY_LIGHT_PROBE_PROXY_VOLUME UNITY_LIGHTMAP_FULL_HDR ok=1
Cmd: compileComputeKernel
  api=14 insize=12733 outsize=2960 ok=1
Cmd: compileComputeKernel
  api=14 insize=12733 outsize=2796 ok=1
Cmd: compileComputeKernel
  api=14 insize=12733 outsize=2778 ok=1
Cmd: translateComputeKernel
  api=14 insize=3591 outsize=4642 ok=1
Cmd: compileComputeKernel
  api=14 insize=65748 outsize=3693 ok=1
Cmd: translateComputeKernel
  api=14 insize=6471 outsize=12012 ok=1
Cmd: compileComputeKernel
  api=14 insize=4631 outsize=2787 ok=1
Cmd: translateComputeKernel
  api=14 insize=2783 outsize=4104 ok=1
Cmd: compileComputeKernel
  api=14 insize=24259 outsize=11889 ok=1
Cmd: translateComputeKernel
  api=14 insize=5348 outsize=9162 ok=1
Cmd: compileComputeKernel
  api=14 insize=28420 outsize=3138 ok=1
Cmd: compileComputeKernel
  api=14 insize=28420 outsize=2880 ok=1
Cmd: compileComputeKernel
  api=14 insize=28420 outsize=2913 ok=1
Cmd: compileComputeKernel
  api=14 insize=28420 outsize=3226 ok=1
Cmd: compileComputeKernel
  api=14 insize=28420 outsize=2790 ok=1
Cmd: translateComputeKernel
  api=14 insize=4618 outsize=7133 ok=1
Cmd: translateComputeKernel
  api=14 insize=3663 outsize=4527 ok=1
Cmd: translateComputeKernel
  api=14 insize=3136 outsize=3412 ok=1
Cmd: compileComputeKernel
  api=14 insize=21203 outsize=1801 ok=1
Cmd: compileComputeKernel
  api=14 insize=21203 outsize=1743 ok=1
Cmd: compileComputeKernel
  api=14 insize=21203 outsize=2258 ok=1
Cmd: compileComputeKernel
  api=14 insize=21203 outsize=2283 ok=1
Cmd: compileComputeKernel
  api=14 insize=21203 outsize=2296 ok=1
Cmd: compileComputeKernel
  api=14 insize=21203 outsize=2714 ok=1
Cmd: translateComputeKernel
  api=14 insize=1860 outsize=1910 ok=1
Cmd: translateComputeKernel
  api=14 insize=1742 outsize=1702 ok=1
Cmd: translateComputeKernel
  api=14 insize=2238 outsize=2564 ok=1
Cmd: translateComputeKernel
  api=14 insize=2260 outsize=2905 ok=1
Cmd: translateComputeKernel
  api=14 insize=2385 outsize=2878 ok=1
Cmd: translateComputeKernel
  api=14 insize=2308 outsize=2965 ok=1
Cmd: translateComputeKernel
  api=14 insize=2290 outsize=2929 ok=1

Quitting shader compiler process
