Base path: '/Applications/Unity/Hub/Editor/2019.2.11f1/Unity.app/Contents', plugins path '/Applications/Unity/Hub/Editor/2019.2.11f1/Unity.app/Contents/PlaybackEngines'
Cmd: initializeCompiler
Cmd: compileSnippet
  api=14 type=0 insize=2295 outsize=1774 kw=UNITY_UI_ALPHACLIP pd=UNITY_ENABLE_REFLECTION_BUFFERS UNITY_USE_DITHER_MASK_FOR_ALPHABLENDED_SHADOWS UNITY_PBS_USE_BRDF1 UNITY_SPECCUBE_BOX_PROJECTION UNITY_SPECCUBE_BLENDING UNITY_ENABLE_DETAIL_NORMALMAP SHADER_API_DESKTOP UNITY_COLORSPACE_GAMMA UNITY_LIGHT_PROBE_PROXY_VOLUME UNITY_LIGHTMAP_FULL_HDR ok=1
Cmd: compileComputeKernel
  api=14 insize=12733 outsize=2512 ok=1
Cmd: compileComputeKernel
  api=14 insize=12733 outsize=3169 ok=1
Cmd: compileComputeKernel
  api=14 insize=12733 outsize=4418 ok=1
Cmd: translateComputeKernel
  api=14 insize=2675 outsize=2719 ok=1
Cmd: translateComputeKernel
  api=14 insize=2977 outsize=3368 ok=1
Cmd: compileComputeKernel
  api=14 insize=65748 outsize=8693 ok=1
Cmd: translateComputeKernel
  api=14 insize=8549 outsize=16207 ok=1
Cmd: compileComputeKernel
  api=14 insize=4631 outsize=2783 ok=1
Cmd: translateComputeKernel
  api=14 insize=2787 outsize=4103 ok=1
Cmd: compileComputeKernel
  api=14 insize=24259 outsize=5348 ok=1
Cmd: translateComputeKernel
  api=14 insize=4508 outsize=8099 ok=1
Cmd: compileComputeKernel
  api=14 insize=28420 outsize=3162 ok=1
Cmd: compileComputeKernel
  api=14 insize=28420 outsize=2784 ok=1
Cmd: compileComputeKernel
  api=14 insize=28420 outsize=2818 ok=1
Cmd: compileComputeKernel
  api=14 insize=28420 outsize=2760 ok=1
Cmd: compileComputeKernel
  api=14 insize=28420 outsize=3835 ok=1
Cmd: compileComputeKernel
  api=14 insize=28420 outsize=3865 ok=1
Cmd: translateComputeKernel
  api=14 insize=3397 outsize=3807 ok=1
Cmd: translateComputeKernel
  api=14 insize=3077 outsize=3370 ok=1
Cmd: translateComputeKernel
  api=14 insize=3053 outsize=3169 ok=1
Cmd: translateComputeKernel
  api=14 insize=3659 outsize=4528 ok=1
Cmd: translateComputeKernel
  api=14 insize=4070 outsize=5268 ok=1
Cmd: compileComputeKernel
  api=14 insize=21203 outsize=1706 ok=1
Cmd: compileComputeKernel
  api=14 insize=21203 outsize=1815 ok=1
Cmd: compileComputeKernel
  api=14 insize=21203 outsize=2209 ok=1
Cmd: compileComputeKernel
  api=14 insize=21203 outsize=2338 ok=1
Cmd: compileComputeKernel
  api=14 insize=21203 outsize=2359 ok=1
Cmd: compileComputeKernel
  api=14 insize=21203 outsize=2185 ok=1
Cmd: translateComputeKernel
  api=14 insize=1812 outsize=1821 ok=1
Cmd: translateComputeKernel
  api=14 insize=1846 outsize=1879 ok=1
Cmd: translateComputeKernel
  api=14 insize=1742 outsize=1703 ok=1
Cmd: translateComputeKernel
  api=14 insize=2263 outsize=2905 ok=1
Cmd: translateComputeKernel
  api=14 insize=2443 outsize=3137 ok=1
Cmd: translateComputeKernel
  api=14 insize=2322 outsize=2972 ok=1
Cmd: translateComputeKernel
  api=14 insize=2268 outsize=2939 ok=1
Cmd: translateComputeKernel
  api=14 insize=2250 outsize=2903 ok=1

Quitting shader compiler process
