Base path: '/Applications/Unity/Hub/Editor/2019.2.11f1/Unity.app/Contents', plugins path '/Applications/Unity/Hub/Editor/2019.2.11f1/Unity.app/Contents/PlaybackEngines'
Cmd: initializeCompiler
Cmd: compileComputeKernel
  api=14 insize=12733 outsize=3498 ok=1
Cmd: translateComputeKernel
  api=14 insize=3096 outsize=3555 ok=1
Cmd: translateComputeKernel
  api=14 insize=2877 outsize=2924 ok=1
Cmd: compileComputeKernel
  api=14 insize=65748 outsize=8549 ok=1
Cmd: translateComputeKernel
  api=14 insize=13618 outsize=26237 ok=1
Cmd: compileComputeKernel
  api=14 insize=24259 outsize=3883 ok=1
Cmd: translateComputeKernel
  api=14 insize=10817 outsize=19318 ok=1
Cmd: compileComputeKernel
  api=14 insize=3051 outsize=498 ok=1
Cmd: compileComputeKernel
  error: 1 plat 14 at Tensor.cginc(128): use of potentially uninitialized variable (ReadonlyTensor::SafeGet)
  api=14 insize=28420 outsize=4315 ok=1
Cmd: compileComputeKernel
  api=14 insize=28420 outsize=3080 ok=1
Cmd: compileComputeKernel
  api=14 insize=28420 outsize=2760 ok=1
Cmd: compileComputeKernel
  api=14 insize=28420 outsize=3395 ok=1
Cmd: compileComputeKernel
  api=14 insize=28420 outsize=3674 ok=1
Cmd: translateComputeKernel
  api=14 insize=3795 outsize=5223 ok=1
Cmd: translateComputeKernel
  api=14 insize=3157 outsize=3365 ok=1
Cmd: translateComputeKernel
  api=14 insize=4099 outsize=5319 ok=1
Cmd: compileComputeKernel
  api=14 insize=21203 outsize=1756 ok=1
Cmd: compileComputeKernel
  api=14 insize=21203 outsize=1791 ok=1
Cmd: compileComputeKernel
  api=14 insize=21203 outsize=2261 ok=1
Cmd: compileComputeKernel
  api=14 insize=21203 outsize=2243 ok=1
Cmd: compileComputeKernel
  api=14 insize=21203 outsize=2319 ok=1
Cmd: compileComputeKernel
  api=14 insize=21203 outsize=2248 ok=1
Cmd: translateComputeKernel
  api=14 insize=1895 outsize=1911 ok=1
Cmd: translateComputeKernel
  api=14 insize=1874 outsize=1896 ok=1
Cmd: translateComputeKernel
  api=14 insize=1802 outsize=1819 ok=1
Cmd: translateComputeKernel
  api=14 insize=2323 outsize=2803 ok=1
Cmd: translateComputeKernel
  api=14 insize=2371 outsize=2892 ok=1
Cmd: translateComputeKernel
  api=14 insize=2417 outsize=2997 ok=1
Cmd: translateComputeKernel
  api=14 insize=2313 outsize=2800 ok=1
Cmd: translateComputeKernel
  api=14 insize=2749 outsize=3528 ok=1

Quitting shader compiler process
